<?xml version="1.0" encoding="UTF-8"?>
<!-- Generated by org.testng.reporters.JUnitReportReporter -->
<testsuite hostname="DELL" failures="0" tests="4" name="com.sgtesting.tests.users" time="0.006" errors="0" timestamp="2023-04-06T09:53:11 IST" skipped="0">
  <testcase classname="com.sgtesting.tests.users" name="method3" time="0.000"/>
  <system-out/>
  <testcase classname="com.sgtesting.tests.users" name="method1" time="0.004"/>
  <system-out/>
  <testcase classname="com.sgtesting.tests.users" name="method2" time="0.001"/>
  <system-out/>
  <testcase classname="com.sgtesting.tests.users" name="method4" time="0.001"/>
  <system-out/>
</testsuite> <!-- com.sgtesting.tests.users -->
