<?xml version="1.0" encoding="UTF-8"?>
<!-- Generated by org.testng.reporters.JUnitReportReporter -->
<testsuite hostname="DELL" failures="0" tests="4" name="com.sgtesting.tests.users" time="0.018" errors="0" timestamp="2023-04-07T09:09:08 IST" skipped="0">
  <testcase classname="com.sgtesting.tests.users" name="method3" time="0.002"/>
  <system-out/>
  <testcase classname="com.sgtesting.tests.users" name="method4" time="0.003"/>
  <system-out/>
  <testcase classname="com.sgtesting.tests.users" name="method2" time="0.003"/>
  <system-out/>
  <testcase classname="com.sgtesting.tests.users" name="method1" time="0.010"/>
  <system-out/>
</testsuite> <!-- com.sgtesting.tests.users -->
